Arguments: 
  /Users/seonggwanlee/.nvm/versions/node/v12.22.5/bin/node /Users/seonggwanlee/.nvm/versions/node/v12.22.5/bin/yarn init

PATH: 
  /Users/seonggwanlee/.rvm/gems/ruby-2.6.5/bin:/Users/seonggwanlee/.rvm/gems/ruby-2.6.5@global/bin:/Users/seonggwanlee/.rvm/rubies/ruby-2.6.5/bin:/Users/seonggwanlee/.poetry/bin:/Users/seonggwanlee/.nvm/versions/node/v12.22.5/bin:/usr/local/bin:/usr/bin:/bin:/usr/sbin:/sbin:/Applications/VMware Fusion.app/Contents/Public:/usr/local/go/bin:/usr/local/share/dotnet:~/.dotnet/tools:/Library/Apple/usr/bin:/Library/Frameworks/Mono.framework/Versions/Current/Commands:/Applications/Postgres.app/Contents/Versions/latest/bin:/Users/seonggwanlee/.rvm/bin

Yarn version: 
  1.22.15

Node version: 
  12.22.5

Platform: 
  darwin x64

Trace: 
  Error: canceled
      at Interface.<anonymous> (/Users/seonggwanlee/.nvm/versions/node/v12.22.5/lib/node_modules/yarn/lib/cli.js:137145:13)
      at Interface.emit (events.js:314:20)
      at Interface._ttyWrite (readline.js:868:16)
      at ReadStream.onkeypress (readline.js:205:10)
      at ReadStream.emit (events.js:314:20)
      at emitKeys (internal/readline/utils.js:335:14)
      at emitKeys.next (<anonymous>)
      at ReadStream.onData (readline.js:1137:36)
      at ReadStream.emit (events.js:314:20)
      at addChunk (_stream_readable.js:297:12)

npm manifest: 
  No manifest

yarn manifest: 
  No manifest

Lockfile: 
  No lockfile
